<?xml version="1.0" encoding="UTF-8"?>
<testsuite name="com.test.AppTest" tests="1" skipped="0" failures="0" errors="0" timestamp="2022-07-12T12:49:34" hostname="ip-172-31-47-184" time="0.004">
  <properties/>
  <testcase name="appHasAGreeting" classname="com.test.AppTest" time="0.004"/>
  <system-out><![CDATA[]]></system-out>
  <system-err><![CDATA[]]></system-err>
</testsuite>
