<?xml version="1.0" encoding="UTF-8"?>
<testsuite name="com.test.AppTest" tests="1" skipped="0" failures="0" errors="0" timestamp="2022-07-27T12:47:02" hostname="ip-10-0-0-169" time="0.002">
  <properties/>
  <testcase name="appHasAGreeting" classname="com.test.AppTest" time="0.002"/>
  <system-out><![CDATA[]]></system-out>
  <system-err><![CDATA[]]></system-err>
</testsuite>
